<?xml version="1.0" encoding="UTF-8"?>
<!-- Generated by org.testng.reporters.JUnitReportReporter -->
<testsuite hostname="DESKTOP-R2JLK99" failures="0" tests="5" name="Hybrid_Test_Runner" time="71.923" errors="0" timestamp="2025-08-06T17:42:30 IST" skipped="0">
  <testcase classname="Hybrid_Test_Runner" name="runScenario" time="14.204"/>
  <testcase classname="Hybrid_Test_Runner" name="runScenario" time="12.464"/>
  <testcase classname="Hybrid_Test_Runner" name="runScenario" time="10.283"/>
  <testcase classname="Hybrid_Test_Runner" name="runScenario" time="10.994"/>
  <testcase classname="Hybrid_Test_Runner" name="runScenario" time="23.978"/>
</testsuite> <!-- Hybrid_Test_Runner -->
