<?xml version="1.0" encoding="UTF-8"?>
<!-- Generated by org.testng.reporters.JUnitReportReporter -->
<testsuite hostname="Balas-MacBook-Pro.local" failures="0" tests="5" name="Hybrid_Test_Runner" time="34.112" errors="0" timestamp="2025-08-05T08:09:30 IST" skipped="0">
  <testcase classname="Hybrid_Test_Runner" name="runScenario" time="7.108"/>
  <system-out/>
  <testcase classname="Hybrid_Test_Runner" name="runScenario" time="5.157"/>
  <system-out/>
  <testcase classname="Hybrid_Test_Runner" name="runScenario" time="6.465"/>
  <system-out/>
  <testcase classname="Hybrid_Test_Runner" name="runScenario" time="8.905"/>
  <system-out/>
  <testcase classname="Hybrid_Test_Runner" name="runScenario" time="6.477"/>
  <system-out/>
</testsuite> <!-- Hybrid_Test_Runner -->
