<?xml version="1.0" encoding="UTF-8"?>
<!-- Generated by org.testng.reporters.JUnitReportReporter -->
<testsuite hostname="Balas-MacBook-Pro.local" failures="0" tests="15" name="Hybrid_Test_Runner" time="106.602" errors="0" timestamp="2025-08-10T11:24:48 IST" skipped="0">
  <testcase classname="Hybrid_Test_Runner" name="runScenario" time="12.006"/>
  <system-out/>
  <testcase classname="Hybrid_Test_Runner" name="runScenario" time="6.965"/>
  <system-out/>
  <testcase classname="Hybrid_Test_Runner" name="runScenario" time="7.231"/>
  <system-out/>
  <testcase classname="Hybrid_Test_Runner" name="runScenario" time="5.892"/>
  <system-out/>
  <testcase classname="Hybrid_Test_Runner" name="runScenario" time="6.865"/>
  <system-out/>
  <testcase classname="Hybrid_Test_Runner" name="runScenario" time="6.483"/>
  <system-out/>
  <testcase classname="Hybrid_Test_Runner" name="runScenario" time="9.319"/>
  <system-out/>
  <testcase classname="Hybrid_Test_Runner" name="runScenario" time="5.346"/>
  <system-out/>
  <testcase classname="Hybrid_Test_Runner" name="runScenario" time="9.065"/>
  <system-out/>
  <testcase classname="Hybrid_Test_Runner" name="runScenario" time="5.283"/>
  <system-out/>
  <testcase classname="Hybrid_Test_Runner" name="runScenario" time="5.481"/>
  <system-out/>
  <testcase classname="Hybrid_Test_Runner" name="runScenario" time="7.069"/>
  <system-out/>
  <testcase classname="Hybrid_Test_Runner" name="runScenario" time="6.582"/>
  <system-out/>
  <testcase classname="Hybrid_Test_Runner" name="runScenario" time="6.592"/>
  <system-out/>
  <testcase classname="Hybrid_Test_Runner" name="runScenario" time="6.423"/>
  <system-out/>
</testsuite> <!-- Hybrid_Test_Runner -->
