<?xml version="1.0" encoding="UTF-8"?>
<!-- Generated by org.testng.reporters.JUnitReportReporter -->
<testsuite hostname="Balas-MacBook-Pro.local" failures="0" tests="5" name="Hybrid_Test_Runner" time="34.983" errors="0" timestamp="2025-08-09T08:21:37 IST" skipped="0">
  <testcase classname="Hybrid_Test_Runner" name="runScenario" time="8.431"/>
  <system-out/>
  <testcase classname="Hybrid_Test_Runner" name="runScenario" time="8.318"/>
  <system-out/>
  <testcase classname="Hybrid_Test_Runner" name="runScenario" time="5.351"/>
  <system-out/>
  <testcase classname="Hybrid_Test_Runner" name="runScenario" time="5.559"/>
  <system-out/>
  <testcase classname="Hybrid_Test_Runner" name="runScenario" time="7.324"/>
  <system-out/>
</testsuite> <!-- Hybrid_Test_Runner -->
