<?xml version="1.0" encoding="UTF-8"?>
<!-- Generated by org.testng.reporters.JUnitReportReporter -->
<testsuite hostname="LAPTOP-G316J22G" failures="0" tests="5" name="Hybrid_Test_Runner" time="34.461" errors="0" timestamp="2025-08-05T16:39:06 IST" skipped="0">
  <testcase classname="Hybrid_Test_Runner" name="runScenario" time="5.628"/>
  <testcase classname="Hybrid_Test_Runner" name="runScenario" time="4.821"/>
  <testcase classname="Hybrid_Test_Runner" name="runScenario" time="13.619"/>
  <testcase classname="Hybrid_Test_Runner" name="runScenario" time="6.231"/>
  <testcase classname="Hybrid_Test_Runner" name="runScenario" time="4.162"/>
</testsuite> <!-- Hybrid_Test_Runner -->
