<?xml version="1.0" encoding="UTF-8"?>
<!-- Generated by org.testng.reporters.JUnitReportReporter -->
<testsuite hostname="Maashi" failures="0" tests="5" name="Hybrid_testrunner" time="0.085" errors="0" timestamp="2025-08-05T22:15:37 IST" skipped="0">
  <testcase classname="Hybrid_testrunner" name="runScenario" time="0.071"/>
  <testcase classname="Hybrid_testrunner" name="runScenario" time="0.003"/>
  <testcase classname="Hybrid_testrunner" name="runScenario" time="0.004"/>
  <testcase classname="Hybrid_testrunner" name="runScenario" time="0.003"/>
  <testcase classname="Hybrid_testrunner" name="runScenario" time="0.004"/>
</testsuite> <!-- Hybrid_testrunner -->
