<?xml version="1.0" encoding="UTF-8"?>
<!-- Generated by org.testng.reporters.JUnitReportReporter -->
<testsuite hostname="DESKTOP-LV3JNQC" failures="0" tests="5" name="Hybrid_Test_Runner" time="28.333" errors="0" timestamp="2025-08-05T17:26:35 IST" skipped="0">
  <testcase classname="Hybrid_Test_Runner" name="runScenario" time="4.973"/>
  <testcase classname="Hybrid_Test_Runner" name="runScenario" time="4.901"/>
  <testcase classname="Hybrid_Test_Runner" name="runScenario" time="7.891"/>
  <testcase classname="Hybrid_Test_Runner" name="runScenario" time="5.480"/>
  <testcase classname="Hybrid_Test_Runner" name="runScenario" time="5.088"/>
</testsuite> <!-- Hybrid_Test_Runner -->
