<?xml version="1.0" encoding="UTF-8"?>
<!-- Generated by org.testng.reporters.JUnitReportReporter -->
<testsuite hostname="Balas-MacBook-Pro.local" failures="0" tests="20" name="Hybrid_Test_Runner" time="0.059" errors="20" timestamp="2025-08-07T08:10:08 IST" skipped="0">
  <testcase classname="Hybrid_Test_Runner" name="runScenario" time="0.001">
    <error message="Cannot invoke &quot;org.openqa.selenium.WebDriver.manage()&quot; because &quot;this.driver&quot; is null" type="java.lang.NullPointerException">
      <![CDATA[java.lang.NullPointerException: Cannot invoke "org.openqa.selenium.WebDriver.manage()" because "this.driver" is null
at stepdefinitions.Login_steps.browser_launch(Login_steps.java:24)
at ✽.Browser has launched(file:///Users/balaseshagiriprasadmunagala/eclipse-workspace/Hybrid_Automation_Framework/Features/LoginFeature.feature:13)
]]>
    </error>
  </testcase> <!-- runScenario -->
  <system-out/>
  <testcase classname="Hybrid_Test_Runner" name="runScenario" time="0.001">
    <error message="Cannot invoke &quot;org.openqa.selenium.WebDriver.manage()&quot; because &quot;this.driver&quot; is null" type="java.lang.NullPointerException">
      <![CDATA[java.lang.NullPointerException: Cannot invoke "org.openqa.selenium.WebDriver.manage()" because "this.driver" is null
at stepdefinitions.Login_steps.browser_launch(Login_steps.java:24)
at ✽.Browser has launched(file:///Users/balaseshagiriprasadmunagala/eclipse-workspace/Hybrid_Automation_Framework/Features/LoginFeature.feature:13)
]]>
    </error>
  </testcase> <!-- runScenario -->
  <system-out/>
  <testcase classname="Hybrid_Test_Runner" name="runScenario" time="0.003">
    <error message="Cannot invoke &quot;org.openqa.selenium.WebDriver.manage()&quot; because &quot;this.driver&quot; is null" type="java.lang.NullPointerException">
      <![CDATA[java.lang.NullPointerException: Cannot invoke "org.openqa.selenium.WebDriver.manage()" because "this.driver" is null
at stepdefinitions.Login_steps.browser_launch(Login_steps.java:24)
at ✽.Browser has launched(file:///Users/balaseshagiriprasadmunagala/eclipse-workspace/Hybrid_Automation_Framework/Features/LoginFeature.feature:13)
]]>
    </error>
  </testcase> <!-- runScenario -->
  <system-out/>
  <testcase classname="Hybrid_Test_Runner" name="runScenario" time="0.002">
    <error message="Cannot invoke &quot;org.openqa.selenium.WebDriver.manage()&quot; because &quot;this.driver&quot; is null" type="java.lang.NullPointerException">
      <![CDATA[java.lang.NullPointerException: Cannot invoke "org.openqa.selenium.WebDriver.manage()" because "this.driver" is null
at stepdefinitions.Login_steps.browser_launch(Login_steps.java:24)
at ✽.Browser has launched(file:///Users/balaseshagiriprasadmunagala/eclipse-workspace/Hybrid_Automation_Framework/Features/LoginFeature.feature:13)
]]>
    </error>
  </testcase> <!-- runScenario -->
  <system-out/>
  <testcase classname="Hybrid_Test_Runner" name="runScenario" time="0.001">
    <error message="Cannot invoke &quot;org.openqa.selenium.WebDriver.manage()&quot; because &quot;this.driver&quot; is null" type="java.lang.NullPointerException">
      <![CDATA[java.lang.NullPointerException: Cannot invoke "org.openqa.selenium.WebDriver.manage()" because "this.driver" is null
at stepdefinitions.Login_steps.browser_launch(Login_steps.java:24)
at ✽.Browser has launched(file:///Users/balaseshagiriprasadmunagala/eclipse-workspace/Hybrid_Automation_Framework/Features/LoginFeature.feature:13)
]]>
    </error>
  </testcase> <!-- runScenario -->
  <system-out/>
  <testcase classname="Hybrid_Test_Runner" name="runScenario" time="0.003">
    <error message="Cannot invoke &quot;org.openqa.selenium.WebDriver.manage()&quot; because &quot;this.driver&quot; is null" type="java.lang.NullPointerException">
      <![CDATA[java.lang.NullPointerException: Cannot invoke "org.openqa.selenium.WebDriver.manage()" because "this.driver" is null
at stepdefinitions.Login_steps.browser_launch(Login_steps.java:24)
at ✽.Browser has launched(file:///Users/balaseshagiriprasadmunagala/eclipse-workspace/Hybrid_Automation_Framework/Features/LoginFeature.feature:13)
]]>
    </error>
  </testcase> <!-- runScenario -->
  <system-out/>
  <testcase classname="Hybrid_Test_Runner" name="runScenario" time="0.002">
    <error message="Cannot invoke &quot;org.openqa.selenium.WebDriver.manage()&quot; because &quot;this.driver&quot; is null" type="java.lang.NullPointerException">
      <![CDATA[java.lang.NullPointerException: Cannot invoke "org.openqa.selenium.WebDriver.manage()" because "this.driver" is null
at stepdefinitions.Login_steps.browser_launch(Login_steps.java:24)
at ✽.Browser has launched(file:///Users/balaseshagiriprasadmunagala/eclipse-workspace/Hybrid_Automation_Framework/Features/LoginFeature.feature:4)
]]>
    </error>
  </testcase> <!-- runScenario -->
  <system-out/>
  <testcase classname="Hybrid_Test_Runner" name="runScenario" time="0.026">
    <error message="Cannot invoke &quot;org.openqa.selenium.WebDriver.manage()&quot; because &quot;this.driver&quot; is null" type="java.lang.NullPointerException">
      <![CDATA[java.lang.NullPointerException: Cannot invoke "org.openqa.selenium.WebDriver.manage()" because "this.driver" is null
at stepdefinitions.Login_steps.browser_launch(Login_steps.java:24)
at ✽.Browser has launched(file:///Users/balaseshagiriprasadmunagala/eclipse-workspace/Hybrid_Automation_Framework/Features/LoginFeature.feature:4)
]]>
    </error>
  </testcase> <!-- runScenario -->
  <system-out/>
  <testcase classname="Hybrid_Test_Runner" name="runScenario" time="0.001">
    <error message="Cannot invoke &quot;org.openqa.selenium.WebDriver.manage()&quot; because &quot;this.driver&quot; is null" type="java.lang.NullPointerException">
      <![CDATA[java.lang.NullPointerException: Cannot invoke "org.openqa.selenium.WebDriver.manage()" because "this.driver" is null
at stepdefinitions.Login_steps.browser_launch(Login_steps.java:24)
at ✽.Browser has launched(file:///Users/balaseshagiriprasadmunagala/eclipse-workspace/Hybrid_Automation_Framework/Features/LoginFeature.feature:13)
]]>
    </error>
  </testcase> <!-- runScenario -->
  <system-out/>
  <testcase classname="Hybrid_Test_Runner" name="runScenario" time="0.001">
    <error message="Cannot invoke &quot;org.openqa.selenium.WebDriver.manage()&quot; because &quot;this.driver&quot; is null" type="java.lang.NullPointerException">
      <![CDATA[java.lang.NullPointerException: Cannot invoke "org.openqa.selenium.WebDriver.manage()" because "this.driver" is null
at stepdefinitions.Login_steps.browser_launch(Login_steps.java:24)
at ✽.Browser has launched(file:///Users/balaseshagiriprasadmunagala/eclipse-workspace/Hybrid_Automation_Framework/Features/LoginFeature.feature:13)
]]>
    </error>
  </testcase> <!-- runScenario -->
  <system-out/>
  <testcase classname="Hybrid_Test_Runner" name="runScenario" time="0.004">
    <error message="Cannot invoke &quot;org.openqa.selenium.WebDriver.manage()&quot; because &quot;this.driver&quot; is null" type="java.lang.NullPointerException">
      <![CDATA[java.lang.NullPointerException: Cannot invoke "org.openqa.selenium.WebDriver.manage()" because "this.driver" is null
at stepdefinitions.Login_steps.browser_launch(Login_steps.java:24)
at ✽.Browser has launched(file:///Users/balaseshagiriprasadmunagala/eclipse-workspace/Hybrid_Automation_Framework/Features/LoginFeature.feature:13)
]]>
    </error>
  </testcase> <!-- runScenario -->
  <system-out/>
  <testcase classname="Hybrid_Test_Runner" name="runScenario" time="0.001">
    <error message="Cannot invoke &quot;org.openqa.selenium.WebDriver.manage()&quot; because &quot;this.driver&quot; is null" type="java.lang.NullPointerException">
      <![CDATA[java.lang.NullPointerException: Cannot invoke "org.openqa.selenium.WebDriver.manage()" because "this.driver" is null
at stepdefinitions.Login_steps.browser_launch(Login_steps.java:24)
at ✽.Browser has launched(file:///Users/balaseshagiriprasadmunagala/eclipse-workspace/Hybrid_Automation_Framework/Features/LoginFeature.feature:13)
]]>
    </error>
  </testcase> <!-- runScenario -->
  <system-out/>
  <testcase classname="Hybrid_Test_Runner" name="runScenario" time="0.002">
    <error message="Cannot invoke &quot;org.openqa.selenium.WebDriver.manage()&quot; because &quot;this.driver&quot; is null" type="java.lang.NullPointerException">
      <![CDATA[java.lang.NullPointerException: Cannot invoke "org.openqa.selenium.WebDriver.manage()" because "this.driver" is null
at stepdefinitions.Login_steps.browser_launch(Login_steps.java:24)
at ✽.Browser has launched(file:///Users/balaseshagiriprasadmunagala/eclipse-workspace/Hybrid_Automation_Framework/Features/LoginFeature.feature:13)
]]>
    </error>
  </testcase> <!-- runScenario -->
  <system-out/>
  <testcase classname="Hybrid_Test_Runner" name="runScenario" time="0.001">
    <error message="Cannot invoke &quot;org.openqa.selenium.WebDriver.manage()&quot; because &quot;this.driver&quot; is null" type="java.lang.NullPointerException">
      <![CDATA[java.lang.NullPointerException: Cannot invoke "org.openqa.selenium.WebDriver.manage()" because "this.driver" is null
at stepdefinitions.Login_steps.browser_launch(Login_steps.java:24)
at ✽.Browser has launched(file:///Users/balaseshagiriprasadmunagala/eclipse-workspace/Hybrid_Automation_Framework/Features/LoginFeature.feature:13)
]]>
    </error>
  </testcase> <!-- runScenario -->
  <system-out/>
  <testcase classname="Hybrid_Test_Runner" name="runScenario" time="0.002">
    <error message="Cannot invoke &quot;org.openqa.selenium.WebDriver.manage()&quot; because &quot;this.driver&quot; is null" type="java.lang.NullPointerException">
      <![CDATA[java.lang.NullPointerException: Cannot invoke "org.openqa.selenium.WebDriver.manage()" because "this.driver" is null
at stepdefinitions.Login_steps.browser_launch(Login_steps.java:24)
at ✽.Browser has launched(file:///Users/balaseshagiriprasadmunagala/eclipse-workspace/Hybrid_Automation_Framework/Features/LoginFeature.feature:4)
]]>
    </error>
  </testcase> <!-- runScenario -->
  <system-out/>
  <testcase classname="Hybrid_Test_Runner" name="runScenario" time="0.001">
    <error message="Cannot invoke &quot;org.openqa.selenium.WebDriver.manage()&quot; because &quot;this.driver&quot; is null" type="java.lang.NullPointerException">
      <![CDATA[java.lang.NullPointerException: Cannot invoke "org.openqa.selenium.WebDriver.manage()" because "this.driver" is null
at stepdefinitions.Login_steps.browser_launch(Login_steps.java:24)
at ✽.Browser has launched(file:///Users/balaseshagiriprasadmunagala/eclipse-workspace/Hybrid_Automation_Framework/Features/LoginFeature.feature:13)
]]>
    </error>
  </testcase> <!-- runScenario -->
  <system-out/>
  <testcase classname="Hybrid_Test_Runner" name="runScenario" time="0.003">
    <error message="Cannot invoke &quot;org.openqa.selenium.WebDriver.manage()&quot; because &quot;this.driver&quot; is null" type="java.lang.NullPointerException">
      <![CDATA[java.lang.NullPointerException: Cannot invoke "org.openqa.selenium.WebDriver.manage()" because "this.driver" is null
at stepdefinitions.Login_steps.browser_launch(Login_steps.java:24)
at ✽.Browser has launched(file:///Users/balaseshagiriprasadmunagala/eclipse-workspace/Hybrid_Automation_Framework/Features/LoginFeature.feature:13)
]]>
    </error>
  </testcase> <!-- runScenario -->
  <system-out/>
  <testcase classname="Hybrid_Test_Runner" name="runScenario" time="0.001">
    <error message="Cannot invoke &quot;org.openqa.selenium.WebDriver.manage()&quot; because &quot;this.driver&quot; is null" type="java.lang.NullPointerException">
      <![CDATA[java.lang.NullPointerException: Cannot invoke "org.openqa.selenium.WebDriver.manage()" because "this.driver" is null
at stepdefinitions.Login_steps.browser_launch(Login_steps.java:24)
at ✽.Browser has launched(file:///Users/balaseshagiriprasadmunagala/eclipse-workspace/Hybrid_Automation_Framework/Features/LoginFeature.feature:13)
]]>
    </error>
  </testcase> <!-- runScenario -->
  <system-out/>
  <testcase classname="Hybrid_Test_Runner" name="runScenario" time="0.001">
    <error message="Cannot invoke &quot;org.openqa.selenium.WebDriver.manage()&quot; because &quot;this.driver&quot; is null" type="java.lang.NullPointerException">
      <![CDATA[java.lang.NullPointerException: Cannot invoke "org.openqa.selenium.WebDriver.manage()" because "this.driver" is null
at stepdefinitions.Login_steps.browser_launch(Login_steps.java:24)
at ✽.Browser has launched(file:///Users/balaseshagiriprasadmunagala/eclipse-workspace/Hybrid_Automation_Framework/Features/LoginFeature.feature:4)
]]>
    </error>
  </testcase> <!-- runScenario -->
  <system-out/>
  <testcase classname="Hybrid_Test_Runner" name="runScenario" time="0.002">
    <error message="Cannot invoke &quot;org.openqa.selenium.WebDriver.manage()&quot; because &quot;this.driver&quot; is null" type="java.lang.NullPointerException">
      <![CDATA[java.lang.NullPointerException: Cannot invoke "org.openqa.selenium.WebDriver.manage()" because "this.driver" is null
at stepdefinitions.Login_steps.browser_launch(Login_steps.java:24)
at ✽.Browser has launched(file:///Users/balaseshagiriprasadmunagala/eclipse-workspace/Hybrid_Automation_Framework/Features/LoginFeature.feature:13)
]]>
    </error>
  </testcase> <!-- runScenario -->
  <system-out/>
</testsuite> <!-- Hybrid_Test_Runner -->
